WARNING:root:This is a warning
ERROR:root:This is an ERROR
CRITICAL:root:This is ***CRITICAL***
ERROR:root:whoa, dude!!
WARNING:root:This is a warning
DEBUG:root:This message is for debugging
ERROR:root:This is an ERROR
CRITICAL:root:This is ***CRITICAL***
INFO:root:The capital of North Dakota is Bismark
ERROR:root:whoa, dude!!
WARNING:root:This is a warning
ERROR:root:This is an ERROR
CRITICAL:root:This is ***CRITICAL***
INFO:root:The capital of North Dakota is Bismark
ERROR:root:whoa, dude!!
WARNING:root:This is a warning
ERROR:root:This is an ERROR
CRITICAL:root:This is ***CRITICAL***
INFO:root:The capital of North Dakota is Bismark
ERROR:root:whoa, dude!!
